Using pre-set license
Built from '2020.2/staging' branch; Version is '2020.2.7f1 (c53830e277f1) revision 12924976'; Using compiler version '192528614'; Build Type 'Release'
OS: 'Windows 10 Home; OS build 19042.867; Version 2009; 64bit' Language: 'ko' Physical Memory: 8078 MB
BatchMode: 1, IsHumanControllingUs: 0, StartBugReporterOnCrash: 0, Is64bit: 1, IsPro: 0

 COMMAND LINE ARGUMENTS:
D:\UnityHub\2020.2.7f1\Editor\Unity.exe
-adb2
-batchMode
-noUpm
-name
AssetImportWorker0
-projectPath
D:/UnityHub/workspace/ClimbCloud
-logFile
Logs/AssetImportWorker0.log
-srvPort
59489
Successfully changed project path to: D:/UnityHub/workspace/ClimbCloud
D:/UnityHub/workspace/ClimbCloud
Using Asset Import Pipeline V2.
Refreshing native plugins compatible for Editor in 41.93 ms, found 1 plugins.
Preloading 0 native plugins for Editor in 0.00 ms.
Initialize engine version: 2020.2.7f1 (c53830e277f1)
[Subsystems] Discovering subsystems at path D:/UnityHub/2020.2.7f1/Editor/Data/Resources/UnitySubsystems
[Subsystems] Discovering subsystems at path D:/UnityHub/workspace/ClimbCloud/Assets
GfxDevice: creating device client; threaded=0
Direct3D:
    Version:  Direct3D 11.0 [level 11.0]
    Renderer: NVIDIA GeForce 940MX (ID=0x134d)
    Vendor:   
    VRAM:     2010 MB
    Driver:   25.21.14.1972
Initialize mono
Mono path[0] = 'D:/UnityHub/2020.2.7f1/Editor/Data/Managed'
Mono path[1] = 'D:/UnityHub/2020.2.7f1/Editor/Data/MonoBleedingEdge/lib/mono/unityjit'
Mono config path = 'D:/UnityHub/2020.2.7f1/Editor/Data/MonoBleedingEdge/etc'
Using monoOptions --debugger-agent=transport=dt_socket,embedding=1,server=y,suspend=n,address=127.0.0.1:56892
Begin MonoManager ReloadAssembly
Registering precompiled unity dll's ...
Register platform support module: D:/UnityHub/2020.2.7f1/Editor/Data/PlaybackEngines/WindowsStandaloneSupport/UnityEditor.WindowsStandalone.Extensions.dll
Registered in 0.001811 seconds.
Native extension for WindowsStandalone target not found
Refreshing native plugins compatible for Editor in 41.46 ms, found 1 plugins.
Preloading 0 native plugins for Editor in 0.00 ms.
Invoked RoslynAnalysisRunner static constructor.
RoslynAnalysisRunner will not be running.
RoslynAnalysisRunner has terminated.
Mono: successfully reloaded assembly
- Completed reload, in  1.830 seconds
Platform modules already initialized, skipping
Registering precompiled user dll's ...
Registered in 0.001027 seconds.
Begin MonoManager ReloadAssembly
Native extension for WindowsStandalone target not found
Refreshing native plugins compatible for Editor in 42.86 ms, found 1 plugins.
Preloading 0 native plugins for Editor in 0.00 ms.
Invoked RoslynAnalysisRunner static constructor.
RoslynAnalysisRunner will not be running.
RoslynAnalysisRunner has terminated.
Mono: successfully reloaded assembly
- Completed reload, in  1.139 seconds
Platform modules already initialized, skipping
========================================================================
Worker process is ready to serve import requests
Launched and connected shader compiler UnityShaderCompiler.exe after 0.08 seconds
Refreshing native plugins compatible for Editor in 0.39 ms, found 1 plugins.
Preloading 0 native plugins for Editor in 0.00 ms.
Unloading 1806 Unused Serialized files (Serialized files now loaded: 0)
System memory in use before: 87.1 MB.
System memory in use after: 87.1 MB.

Unloading 24 unused Assets to reduce memory usage. Loaded Objects now: 2248.
Total: 2.639600 ms (FindLiveObjects: 0.260600 ms CreateObjectMapping: 0.115100 ms MarkObjects: 2.112100 ms  DeleteObjects: 0.150200 ms)

========================================================================
Received Import Request.
  path: Assets/cat_jump2.png
  artifactKey: Guid(50a5eb90741970b499f37d6d3f781439) Importer(815301076,1909f56bfc062723c751e8b465ee728b)
Start importing Assets/cat_jump2.png using Guid(50a5eb90741970b499f37d6d3f781439) Importer(815301076,1909f56bfc062723c751e8b465ee728b)  -> (artifact id: '5f0cf8fee6473577c96678ef0f1dcefc') in 0.340764 seconds
  Import took 0.345760 seconds .

========================================================================
Received Import Request.
  Time since last request: 0.000289 seconds.
  path: Assets/cat_jump1.png
  artifactKey: Guid(7df277fd885689d408ece0f2094857a1) Importer(815301076,1909f56bfc062723c751e8b465ee728b)
Start importing Assets/cat_jump1.png using Guid(7df277fd885689d408ece0f2094857a1) Importer(815301076,1909f56bfc062723c751e8b465ee728b)  -> (artifact id: '1c1dfd73fa0aa766cb3524e816f62a81') in 0.023052 seconds
  Import took 0.028015 seconds .

========================================================================
Received Import Request.
  Time since last request: 0.000237 seconds.
  path: Assets/flag.png
  artifactKey: Guid(4efc1b7ff02e16e41b4de01e01fc0f15) Importer(815301076,1909f56bfc062723c751e8b465ee728b)
Start importing Assets/flag.png using Guid(4efc1b7ff02e16e41b4de01e01fc0f15) Importer(815301076,1909f56bfc062723c751e8b465ee728b)  -> (artifact id: '23a77eefddf88fbaa496ee8ca6dee012') in 0.029609 seconds
  Import took 0.037944 seconds .

========================================================================
Received Import Request.
  Time since last request: 0.000234 seconds.
  path: Assets/background_clear.png
  artifactKey: Guid(73b0076c56e9978438d419a7493c516e) Importer(815301076,1909f56bfc062723c751e8b465ee728b)
Start importing Assets/background_clear.png using Guid(73b0076c56e9978438d419a7493c516e) Importer(815301076,1909f56bfc062723c751e8b465ee728b)  -> (artifact id: '5b3d72f6bea7b800dbbaaf794bceb2b0') in 0.046880 seconds
  Import took 0.050600 seconds .

========================================================================
Received Import Request.
  Time since last request: 0.000294 seconds.
  path: Assets/cat_walk3.png
  artifactKey: Guid(021ccbe0b09b0ea4ebfc06422f2f3409) Importer(815301076,1909f56bfc062723c751e8b465ee728b)
Start importing Assets/cat_walk3.png using Guid(021ccbe0b09b0ea4ebfc06422f2f3409) Importer(815301076,1909f56bfc062723c751e8b465ee728b)  -> (artifact id: 'b774cf67efb8c8b25186a4030eae7e3e') in 0.027184 seconds
  Import took 0.032638 seconds .

========================================================================
Received Import Request.
  Time since last request: 0.000243 seconds.
  path: Assets/cloud.png
  artifactKey: Guid(57b6feb28aafb6446832a26ee683028e) Importer(815301076,1909f56bfc062723c751e8b465ee728b)
Start importing Assets/cloud.png using Guid(57b6feb28aafb6446832a26ee683028e) Importer(815301076,1909f56bfc062723c751e8b465ee728b)  -> (artifact id: '5c5ee09fa9f356e2148980bface8eff3') in 0.036188 seconds
  Import took 0.040494 seconds .

========================================================================
Received Import Request.
  Time since last request: 0.000250 seconds.
  path: Assets/cat_jump3.png
  artifactKey: Guid(8c3250d58615ddb41abe1b5fb9b2621c) Importer(815301076,1909f56bfc062723c751e8b465ee728b)
Start importing Assets/cat_jump3.png using Guid(8c3250d58615ddb41abe1b5fb9b2621c) Importer(815301076,1909f56bfc062723c751e8b465ee728b)  -> (artifact id: '6811b705e961cfddc6035ba918d17a7d') in 0.032225 seconds
  Import took 0.037334 seconds .

========================================================================
Received Import Request.
  Time since last request: 0.000261 seconds.
  path: Assets/background.png
  artifactKey: Guid(71363aac67d2cdb4092c74fe8cea8f0a) Importer(815301076,1909f56bfc062723c751e8b465ee728b)
Start importing Assets/background.png using Guid(71363aac67d2cdb4092c74fe8cea8f0a) Importer(815301076,1909f56bfc062723c751e8b465ee728b)  -> (artifact id: '22857e9538f95144e45d341fd7decedf') in 0.032721 seconds
  Import took 0.036610 seconds .

========================================================================
Received Import Request.
  Time since last request: 0.000234 seconds.
  path: Assets/cat_walk1.png
  artifactKey: Guid(2d065de9bb48f7d45919da8501c53955) Importer(815301076,1909f56bfc062723c751e8b465ee728b)
Start importing Assets/cat_walk1.png using Guid(2d065de9bb48f7d45919da8501c53955) Importer(815301076,1909f56bfc062723c751e8b465ee728b)  -> (artifact id: '735e4b543834f8e2de40857a2cd63a17') in 0.026075 seconds
  Import took 0.032669 seconds .

========================================================================
Received Import Request.
  Time since last request: 0.000407 seconds.
  path: Assets/background.png
  artifactKey: Guid(71363aac67d2cdb4092c74fe8cea8f0a) Importer(815301076,1909f56bfc062723c751e8b465ee728b)
Start importing Assets/background.png using Guid(71363aac67d2cdb4092c74fe8cea8f0a) Importer(815301076,1909f56bfc062723c751e8b465ee728b)  -> (artifact id: '22857e9538f95144e45d341fd7decedf') in 0.026314 seconds
  Import took 0.031581 seconds .

========================================================================
Received Import Request.
  Time since last request: 0.000238 seconds.
  path: Assets/cat_walk2.png
  artifactKey: Guid(b6b5d8f07a51eae4e9a8b735cea4a827) Importer(815301076,1909f56bfc062723c751e8b465ee728b)
Start importing Assets/cat_walk2.png using Guid(b6b5d8f07a51eae4e9a8b735cea4a827) Importer(815301076,1909f56bfc062723c751e8b465ee728b)  -> (artifact id: 'b92bd1e85c2220a2d634b209997a1fa1') in 0.024232 seconds
  Import took 0.028518 seconds .

========================================================================
Received Import Request.
  Time since last request: 0.000263 seconds.
  path: Assets/cat.png
  artifactKey: Guid(c23b9b2c1874ba74798d8de17c6eb768) Importer(815301076,1909f56bfc062723c751e8b465ee728b)
Start importing Assets/cat.png using Guid(c23b9b2c1874ba74798d8de17c6eb768) Importer(815301076,1909f56bfc062723c751e8b465ee728b)  -> (artifact id: 'bc397a2ea10f1d0eb9b34bb7f61a1e83') in 0.033868 seconds
  Import took 0.039048 seconds .

========================================================================
Received Import Request.
  Time since last request: 0.006738 seconds.
  path: Assets/cat.png
  artifactKey: Guid(c23b9b2c1874ba74798d8de17c6eb768) Importer(815301076,1909f56bfc062723c751e8b465ee728b)
Start importing Assets/cat.png using Guid(c23b9b2c1874ba74798d8de17c6eb768) Importer(815301076,1909f56bfc062723c751e8b465ee728b)  -> (artifact id: 'bc397a2ea10f1d0eb9b34bb7f61a1e83') in 0.015815 seconds
  Import took 0.020940 seconds .

========================================================================
Received Prepare
Registering precompiled user dll's ...
Registered in 0.002403 seconds.
Begin MonoManager ReloadAssembly
Native extension for WindowsStandalone target not found
Refreshing native plugins compatible for Editor in 0.40 ms, found 1 plugins.
Preloading 0 native plugins for Editor in 0.00 ms.
Invoked RoslynAnalysisRunner static constructor.
RoslynAnalysisRunner will not be running.
RoslynAnalysisRunner has terminated.
Mono: successfully reloaded assembly
- Completed reload, in  1.189 seconds
Platform modules already initialized, skipping
Refreshing native plugins compatible for Editor in 0.38 ms, found 1 plugins.
Preloading 0 native plugins for Editor in 0.00 ms.
Unloading 1801 Unused Serialized files (Serialized files now loaded: 0)
System memory in use before: 90.2 MB.
System memory in use after: 90.2 MB.

Unloading 12 unused Assets to reduce memory usage. Loaded Objects now: 2266.
Total: 3.262000 ms (FindLiveObjects: 0.317100 ms CreateObjectMapping: 0.572600 ms MarkObjects: 2.261200 ms  DeleteObjects: 0.108600 ms)

========================================================================
Received Prepare
Registering precompiled user dll's ...
Registered in 0.001045 seconds.
Begin MonoManager ReloadAssembly
Native extension for WindowsStandalone target not found
Refreshing native plugins compatible for Editor in 0.59 ms, found 1 plugins.
Preloading 0 native plugins for Editor in 0.00 ms.
Invoked RoslynAnalysisRunner static constructor.
RoslynAnalysisRunner will not be running.
RoslynAnalysisRunner has terminated.
Mono: successfully reloaded assembly
- Completed reload, in  1.077 seconds
Platform modules already initialized, skipping
Refreshing native plugins compatible for Editor in 0.40 ms, found 1 plugins.
Preloading 0 native plugins for Editor in 0.00 ms.
Unloading 1801 Unused Serialized files (Serialized files now loaded: 0)
System memory in use before: 90.2 MB.
System memory in use after: 90.2 MB.

Unloading 12 unused Assets to reduce memory usage. Loaded Objects now: 2270.
Total: 2.713800 ms (FindLiveObjects: 0.358900 ms CreateObjectMapping: 0.122700 ms MarkObjects: 2.107300 ms  DeleteObjects: 0.122100 ms)

========================================================================
Received Import Request.
  Time since last request: 426.972149 seconds.
  path: Assets
  artifactKey: Guid(00000000000000001000000000000000) Importer(815301076,1909f56bfc062723c751e8b465ee728b)
Start importing Assets using Guid(00000000000000001000000000000000) Importer(815301076,1909f56bfc062723c751e8b465ee728b)  -> (artifact id: 'f89434ac489deb914593f829e0a47671') in 0.016778 seconds
  Import took 0.021419 seconds .

========================================================================
Received Import Request.
  Time since last request: 11.192115 seconds.
  path: Assets/PlayerController.cs
  artifactKey: Guid(15e5a46ce62c2f448b17e51c895fbb44) Importer(815301076,1909f56bfc062723c751e8b465ee728b)
Start importing Assets/PlayerController.cs using Guid(15e5a46ce62c2f448b17e51c895fbb44) Importer(815301076,1909f56bfc062723c751e8b465ee728b)  -> (artifact id: '7f6374ea722b2d9e7fb6d944295d867d') in 0.031967 seconds
  Import took 0.038852 seconds .

========================================================================
Received Prepare
Registering precompiled user dll's ...
Registered in 0.001594 seconds.
Begin MonoManager ReloadAssembly
Native extension for WindowsStandalone target not found
Refreshing native plugins compatible for Editor in 0.36 ms, found 1 plugins.
Preloading 0 native plugins for Editor in 0.00 ms.
Invoked RoslynAnalysisRunner static constructor.
RoslynAnalysisRunner will not be running.
RoslynAnalysisRunner has terminated.
Mono: successfully reloaded assembly
- Completed reload, in  1.206 seconds
Platform modules already initialized, skipping
Refreshing native plugins compatible for Editor in 0.38 ms, found 1 plugins.
Preloading 0 native plugins for Editor in 0.00 ms.
Unloading 1802 Unused Serialized files (Serialized files now loaded: 0)
System memory in use before: 90.3 MB.
System memory in use after: 90.3 MB.

Unloading 12 unused Assets to reduce memory usage. Loaded Objects now: 2275.
Total: 4.316000 ms (FindLiveObjects: 0.400500 ms CreateObjectMapping: 0.112100 ms MarkObjects: 3.678800 ms  DeleteObjects: 0.122100 ms)

========================================================================
Received Prepare
Registering precompiled user dll's ...
Registered in 0.004131 seconds.
Begin MonoManager ReloadAssembly
Native extension for WindowsStandalone target not found
Refreshing native plugins compatible for Editor in 0.50 ms, found 1 plugins.
Preloading 0 native plugins for Editor in 0.00 ms.
Invoked RoslynAnalysisRunner static constructor.
RoslynAnalysisRunner will not be running.
RoslynAnalysisRunner has terminated.
Mono: successfully reloaded assembly
- Completed reload, in  1.111 seconds
Platform modules already initialized, skipping
Refreshing native plugins compatible for Editor in 0.38 ms, found 1 plugins.
Preloading 0 native plugins for Editor in 0.00 ms.
Unloading 1802 Unused Serialized files (Serialized files now loaded: 0)
System memory in use before: 90.3 MB.
System memory in use after: 90.3 MB.

Unloading 12 unused Assets to reduce memory usage. Loaded Objects now: 2279.
Total: 2.792200 ms (FindLiveObjects: 0.296500 ms CreateObjectMapping: 0.111900 ms MarkObjects: 2.258300 ms  DeleteObjects: 0.123000 ms)

========================================================================
Received Import Request.
  Time since last request: 142.906109 seconds.
  path: Assets/PlayerController.cs
  artifactKey: Guid(15e5a46ce62c2f448b17e51c895fbb44) Importer(815301076,1909f56bfc062723c751e8b465ee728b)
Start importing Assets/PlayerController.cs using Guid(15e5a46ce62c2f448b17e51c895fbb44) Importer(815301076,1909f56bfc062723c751e8b465ee728b)  -> (artifact id: '7665c67b175a4d11b3a396f1782312b3') in 0.009732 seconds
  Import took 0.013052 seconds .

========================================================================
Received Prepare
Registering precompiled user dll's ...
Registered in 0.001661 seconds.
Begin MonoManager ReloadAssembly
Native extension for WindowsStandalone target not found
Refreshing native plugins compatible for Editor in 1.08 ms, found 1 plugins.
Preloading 0 native plugins for Editor in 0.00 ms.
Invoked RoslynAnalysisRunner static constructor.
RoslynAnalysisRunner will not be running.
RoslynAnalysisRunner has terminated.
Mono: successfully reloaded assembly
- Completed reload, in  2.094 seconds
Platform modules already initialized, skipping
Refreshing native plugins compatible for Editor in 0.37 ms, found 1 plugins.
Preloading 0 native plugins for Editor in 0.00 ms.
Unloading 1802 Unused Serialized files (Serialized files now loaded: 0)
System memory in use before: 90.3 MB.
System memory in use after: 90.3 MB.

Unloading 12 unused Assets to reduce memory usage. Loaded Objects now: 2283.
Total: 2.766600 ms (FindLiveObjects: 0.282400 ms CreateObjectMapping: 0.118700 ms MarkObjects: 2.247200 ms  DeleteObjects: 0.116400 ms)

========================================================================
Received Prepare
Registering precompiled user dll's ...
Registered in 0.002107 seconds.
Begin MonoManager ReloadAssembly
Native extension for WindowsStandalone target not found
Refreshing native plugins compatible for Editor in 0.36 ms, found 1 plugins.
Preloading 0 native plugins for Editor in 0.00 ms.
Invoked RoslynAnalysisRunner static constructor.
RoslynAnalysisRunner will not be running.
RoslynAnalysisRunner has terminated.
Mono: successfully reloaded assembly
- Completed reload, in  1.189 seconds
Platform modules already initialized, skipping
Refreshing native plugins compatible for Editor in 0.39 ms, found 1 plugins.
Preloading 0 native plugins for Editor in 0.00 ms.
Unloading 1802 Unused Serialized files (Serialized files now loaded: 0)
System memory in use before: 90.3 MB.
System memory in use after: 90.3 MB.

Unloading 12 unused Assets to reduce memory usage. Loaded Objects now: 2287.
Total: 2.811300 ms (FindLiveObjects: 0.370900 ms CreateObjectMapping: 0.137200 ms MarkObjects: 2.186000 ms  DeleteObjects: 0.115500 ms)

========================================================================
Received Prepare
Registering precompiled user dll's ...
Registered in 0.003045 seconds.
Begin MonoManager ReloadAssembly
Native extension for WindowsStandalone target not found
Refreshing native plugins compatible for Editor in 0.64 ms, found 1 plugins.
Preloading 0 native plugins for Editor in 0.00 ms.
Invoked RoslynAnalysisRunner static constructor.
RoslynAnalysisRunner will not be running.
RoslynAnalysisRunner has terminated.
Mono: successfully reloaded assembly
- Completed reload, in  1.556 seconds
Platform modules already initialized, skipping
Refreshing native plugins compatible for Editor in 1.44 ms, found 1 plugins.
Preloading 0 native plugins for Editor in 0.00 ms.
Unloading 1802 Unused Serialized files (Serialized files now loaded: 0)
System memory in use before: 90.3 MB.
System memory in use after: 90.3 MB.

Unloading 12 unused Assets to reduce memory usage. Loaded Objects now: 2291.
Total: 4.109200 ms (FindLiveObjects: 0.598900 ms CreateObjectMapping: 0.490800 ms MarkObjects: 2.852500 ms  DeleteObjects: 0.165200 ms)

========================================================================
Received Import Request.
  Time since last request: 285.151321 seconds.
  path: Assets/PlayerController.cs
  artifactKey: Guid(15e5a46ce62c2f448b17e51c895fbb44) Importer(815301076,1909f56bfc062723c751e8b465ee728b)
Start importing Assets/PlayerController.cs using Guid(15e5a46ce62c2f448b17e51c895fbb44) Importer(815301076,1909f56bfc062723c751e8b465ee728b)  -> (artifact id: 'e6d7295e2b27ebaba7b9a508224ffd94') in 0.010042 seconds
  Import took 0.015068 seconds .

========================================================================
Received Prepare
Registering precompiled user dll's ...
Registered in 0.001227 seconds.
Begin MonoManager ReloadAssembly
Native extension for WindowsStandalone target not found
Refreshing native plugins compatible for Editor in 0.37 ms, found 1 plugins.
Preloading 0 native plugins for Editor in 0.00 ms.
Invoked RoslynAnalysisRunner static constructor.
RoslynAnalysisRunner will not be running.
RoslynAnalysisRunner has terminated.
Mono: successfully reloaded assembly
- Completed reload, in  1.239 seconds
Platform modules already initialized, skipping
Refreshing native plugins compatible for Editor in 0.36 ms, found 1 plugins.
Preloading 0 native plugins for Editor in 0.00 ms.
Unloading 1802 Unused Serialized files (Serialized files now loaded: 0)
System memory in use before: 90.3 MB.
System memory in use after: 90.3 MB.

Unloading 12 unused Assets to reduce memory usage. Loaded Objects now: 2295.
Total: 2.936500 ms (FindLiveObjects: 0.281400 ms CreateObjectMapping: 0.124500 ms MarkObjects: 2.366100 ms  DeleteObjects: 0.163000 ms)

========================================================================
Received Prepare
Registering precompiled user dll's ...
Registered in 0.001525 seconds.
Begin MonoManager ReloadAssembly
Native extension for WindowsStandalone target not found
Refreshing native plugins compatible for Editor in 0.52 ms, found 1 plugins.
Preloading 0 native plugins for Editor in 0.00 ms.
Invoked RoslynAnalysisRunner static constructor.
RoslynAnalysisRunner will not be running.
RoslynAnalysisRunner has terminated.
Mono: successfully reloaded assembly
- Completed reload, in  1.137 seconds
Platform modules already initialized, skipping
Refreshing native plugins compatible for Editor in 0.39 ms, found 1 plugins.
Preloading 0 native plugins for Editor in 0.00 ms.
Unloading 1802 Unused Serialized files (Serialized files now loaded: 0)
System memory in use before: 90.3 MB.
System memory in use after: 90.3 MB.

Unloading 12 unused Assets to reduce memory usage. Loaded Objects now: 2299.
Total: 2.501500 ms (FindLiveObjects: 0.259800 ms CreateObjectMapping: 0.107300 ms MarkObjects: 1.992100 ms  DeleteObjects: 0.140700 ms)

========================================================================
Received Prepare
Registering precompiled user dll's ...
Registered in 0.001509 seconds.
Begin MonoManager ReloadAssembly
Native extension for WindowsStandalone target not found
Refreshing native plugins compatible for Editor in 0.36 ms, found 1 plugins.
Preloading 0 native plugins for Editor in 0.00 ms.
Invoked RoslynAnalysisRunner static constructor.
RoslynAnalysisRunner will not be running.
RoslynAnalysisRunner has terminated.
Mono: successfully reloaded assembly
- Completed reload, in  1.133 seconds
Platform modules already initialized, skipping
Refreshing native plugins compatible for Editor in 0.36 ms, found 1 plugins.
Preloading 0 native plugins for Editor in 0.00 ms.
Unloading 1802 Unused Serialized files (Serialized files now loaded: 0)
System memory in use before: 90.3 MB.
System memory in use after: 90.3 MB.

Unloading 12 unused Assets to reduce memory usage. Loaded Objects now: 2303.
Total: 3.109800 ms (FindLiveObjects: 0.424800 ms CreateObjectMapping: 0.190500 ms MarkObjects: 2.328800 ms  DeleteObjects: 0.163900 ms)

========================================================================
Received Prepare
Registering precompiled user dll's ...
Registered in 0.001092 seconds.
Begin MonoManager ReloadAssembly
Native extension for WindowsStandalone target not found
Refreshing native plugins compatible for Editor in 0.43 ms, found 1 plugins.
Preloading 0 native plugins for Editor in 0.00 ms.
Invoked RoslynAnalysisRunner static constructor.
RoslynAnalysisRunner will not be running.
RoslynAnalysisRunner has terminated.
Mono: successfully reloaded assembly
- Completed reload, in  1.151 seconds
Platform modules already initialized, skipping
Refreshing native plugins compatible for Editor in 0.42 ms, found 1 plugins.
Preloading 0 native plugins for Editor in 0.00 ms.
Unloading 1802 Unused Serialized files (Serialized files now loaded: 0)
System memory in use before: 90.3 MB.
System memory in use after: 90.3 MB.

Unloading 12 unused Assets to reduce memory usage. Loaded Objects now: 2307.
Total: 2.930600 ms (FindLiveObjects: 0.317100 ms CreateObjectMapping: 0.123300 ms MarkObjects: 2.311600 ms  DeleteObjects: 0.176500 ms)

========================================================================
Received Prepare
Registering precompiled user dll's ...
Registered in 0.002804 seconds.
Begin MonoManager ReloadAssembly
Native extension for WindowsStandalone target not found
Refreshing native plugins compatible for Editor in 1.32 ms, found 1 plugins.
Preloading 0 native plugins for Editor in 0.00 ms.
Invoked RoslynAnalysisRunner static constructor.
RoslynAnalysisRunner will not be running.
RoslynAnalysisRunner has terminated.
Mono: successfully reloaded assembly
- Completed reload, in  2.156 seconds
Platform modules already initialized, skipping
Refreshing native plugins compatible for Editor in 0.63 ms, found 1 plugins.
Preloading 0 native plugins for Editor in 0.00 ms.
Unloading 1802 Unused Serialized files (Serialized files now loaded: 0)
System memory in use before: 90.3 MB.
System memory in use after: 90.3 MB.

Unloading 12 unused Assets to reduce memory usage. Loaded Objects now: 2311.
Total: 5.466600 ms (FindLiveObjects: 0.712500 ms CreateObjectMapping: 0.209200 ms MarkObjects: 4.201000 ms  DeleteObjects: 0.340200 ms)

AssetImportWorkerClient::OnTransportError - code=2 error=End of file
